[2025-08-24 11:00:30] REQUEST_START method=POST
[2025-08-24 11:00:30] RAW_INPUT=
[2025-08-24 11:06:04] REQUEST_START method=POST
[2025-08-24 11:06:04] RAW_INPUT=
[2025-08-24 11:06:23] REQUEST_START method=POST
[2025-08-24 11:06:23] RAW_INPUT=
[2025-08-24 11:07:08] REQUEST_START method=POST
[2025-08-24 11:07:08] RAW_INPUT=
[2025-08-24 11:09:34] REQUEST_START method=POST
[2025-08-24 11:09:34] RAW_INPUT=ids%5B%5D=49
[2025-08-24 11:13:39] REQUEST_START method=POST
[2025-08-24 11:13:39] RAW_INPUT=ids%5B%5D=49
[2025-08-24 11:13:39] REPORT={"archived":[49],"already":[],"error":[]}
[2025-08-24 11:13:54] REQUEST_START method=POST
[2025-08-24 11:13:54] RAW_INPUT=ids%5B%5D=44
[2025-08-24 11:13:54] REPORT={"archived":[44],"already":[],"error":[]}
[2025-08-24 11:29:36] REQUEST_START method=POST
[2025-08-24 11:29:36] RAW_INPUT=ids%5B%5D=47
[2025-08-24 11:29:36] REPORT={"archived":[47],"already":[],"error":[]}
[2025-08-24 11:45:08] REQUEST_START method=POST
[2025-08-24 11:45:08] RAW_INPUT=ids%5B%5D=51
[2025-08-24 11:45:08] REPORT={"archived":[51],"already":[],"error":[]}
[2025-08-24 13:29:42] REQUEST_START method=POST
[2025-08-24 13:29:42] RAW_INPUT=ids%5B%5D=50
[2025-08-24 13:29:42] REPORT={"archived":[50],"already":[],"error":[]}
[2025-08-24 13:30:11] REQUEST_START method=POST
[2025-08-24 13:30:11] RAW_INPUT=ids%5B%5D=50
[2025-08-24 13:30:11] REPORT={"archived":[50],"already":[],"error":[]}
[2025-08-26 08:49:41] REQUEST_START method=POST
[2025-08-26 08:49:41] RAW_INPUT=ids%5B%5D=50
[2025-08-26 08:49:41] REPORT={"archived":[50],"already":[],"error":[]}
[2025-09-03 05:08:31] REQUEST_START method=POST
[2025-09-03 05:08:31] RAW_INPUT=ids%5B%5D=57
[2025-09-03 05:08:31] REPORT={"archived":[57],"already":[],"error":[]}
[2025-09-03 23:50:44] REQUEST_START method=POST
[2025-09-03 23:50:44] RAW_INPUT=ids%5B%5D=59
[2025-09-03 23:50:44] REPORT={"archived":[59],"already":[],"error":[]}
[2025-09-03 23:50:48] REQUEST_START method=POST
[2025-09-03 23:50:48] RAW_INPUT=ids%5B%5D=50
[2025-09-03 23:50:48] REPORT={"archived":[50],"already":[],"error":[]}
[2025-09-03 23:50:51] REQUEST_START method=POST
[2025-09-03 23:50:51] RAW_INPUT=ids%5B%5D=51
[2025-09-03 23:50:51] REPORT={"archived":[51],"already":[],"error":[]}
[2025-09-04 07:32:09] REQUEST_START method=POST
[2025-09-04 07:32:09] RAW_INPUT=ids%5B%5D=66
[2025-09-04 07:32:09] REPORT={"archived":[66],"already":[],"error":[]}
[2025-09-05 07:47:22] REQUEST_START method=POST
[2025-09-05 07:47:22] RAW_INPUT=ids%5B%5D=53
[2025-09-05 07:47:27] REQUEST_START method=POST
[2025-09-05 07:47:27] RAW_INPUT=ids%5B%5D=68
[2025-09-08 07:18:45] REQUEST_START method=POST
[2025-09-08 07:18:45] RAW_INPUT=ids%5B%5D=53
[2025-09-08 07:18:46] REPORT={"archived":[],"already":[53],"error":[]}
[2025-09-08 07:19:14] REQUEST_START method=POST
[2025-09-08 07:19:14] RAW_INPUT=ids%5B%5D=71
[2025-09-08 07:21:06] REQUEST_START method=POST
[2025-09-08 07:21:06] RAW_INPUT=ids%5B%5D=53
[2025-09-08 07:21:06] REPORT={"archived":[],"already":[53],"error":[]}
[2025-09-08 07:23:33] REQUEST_START method=POST
[2025-09-08 07:23:33] RAW_INPUT=ids%5B%5D=53
[2025-09-08 07:23:33] REPORT={"archived":[],"already":[53],"error":[]}
[2025-09-08 07:25:46] REQUEST_START method=POST
[2025-09-08 07:25:46] RAW_INPUT=ids%5B%5D=53
[2025-09-08 07:25:46] REPORT={"archived":[],"already":[53],"error":[]}
[2025-09-08 07:27:05] REQUEST_START method=POST
[2025-09-08 07:27:05] RAW_INPUT=ids%5B%5D=53
[2025-09-08 07:27:05] REPORT={"archived":[],"already":[53],"error":[]}
[2025-09-08 07:28:24] REQUEST_START method=POST
[2025-09-08 07:28:24] RAW_INPUT=ids%5B%5D=53
[2025-09-08 07:28:24] REPORT={"archived":[],"already":[53],"error":[]}
[2025-09-08 07:28:31] REQUEST_START method=POST
[2025-09-08 07:28:31] RAW_INPUT=ids%5B%5D=70
[2025-09-08 07:28:56] REQUEST_START method=POST
[2025-09-08 07:28:56] RAW_INPUT=ids%5B%5D=53
[2025-09-08 07:28:56] REPORT={"archived":[],"already":[53],"error":[]}
[2025-09-08 07:29:16] REQUEST_START method=POST
[2025-09-08 07:29:16] RAW_INPUT=ids%5B%5D=53
[2025-09-08 07:29:16] REPORT={"archived":[],"already":[53],"error":[]}
[2025-09-08 07:35:00] REQUEST_START method=POST
[2025-09-08 07:35:00] RAW_INPUT=ids%5B%5D=53
[2025-09-08 07:35:00] REPORT={"archived":[],"already":[53],"error":[]}
[2025-09-08 07:47:35] REQUEST_START method=POST
[2025-09-08 07:47:35] RAW_INPUT=ids%5B%5D=59
[2025-09-08 07:47:39] REQUEST_START method=POST
[2025-09-08 07:47:39] RAW_INPUT=ids%5B%5D=53
[2025-09-08 07:48:11] REQUEST_START method=POST
[2025-09-08 07:48:11] RAW_INPUT=ids%5B%5D=57
[2025-09-08 07:51:35] REQUEST_START method=POST
[2025-09-08 07:51:35] RAW_INPUT=ids%5B%5D=57
[2025-09-08 07:51:35] REPORT={"archived":[],"already":[57],"error":[]}
[2025-09-08 07:51:39] REQUEST_START method=POST
[2025-09-08 07:51:39] RAW_INPUT=ids%5B%5D=66
[2025-09-08 07:52:22] REQUEST_START method=POST
[2025-09-08 07:52:22] RAW_INPUT=ids%5B%5D=66
[2025-09-08 07:52:22] REPORT={"archived":[],"already":[66],"error":[]}
[2025-09-08 07:52:45] REQUEST_START method=POST
[2025-09-08 07:52:45] RAW_INPUT=ids%5B%5D=50
[2025-09-08 07:52:53] REQUEST_START method=POST
[2025-09-08 07:52:53] RAW_INPUT=ids%5B%5D=51
[2025-09-08 07:58:41] REQUEST_START method=POST
[2025-09-08 07:58:41] RAW_INPUT=ids%5B%5D=54
[2025-09-08 08:05:13] REQUEST_START method=POST
[2025-09-08 08:05:13] RAW_INPUT=ids%5B%5D=57
[2025-09-08 08:05:20] REQUEST_START method=POST
[2025-09-08 08:05:20] RAW_INPUT=ids%5B%5D=50
[2025-09-08 08:05:48] REQUEST_START method=POST
[2025-09-08 08:05:48] RAW_INPUT=ids%5B%5D=57
[2025-09-08 08:05:48] REPORT={"archived":[],"already":[57],"error":[]}
[2025-09-08 08:08:02] REQUEST_START method=POST
[2025-09-08 08:08:02] RAW_INPUT=ids%5B%5D=70
[2025-09-08 08:33:32] REQUEST_START method=POST
[2025-09-08 08:33:32] RAW_INPUT=ids%5B%5D=57
[2025-09-08 23:58:34] REQUEST_START method=POST
[2025-09-08 23:58:34] RAW_INPUT=ids%5B%5D=57
[2025-09-08 23:58:34] REPORT={"archived":[],"already":[57],"error":[]}
[2025-09-09 00:15:50] REQUEST_START method=POST
[2025-09-09 00:15:50] RAW_INPUT=ids%5B%5D=57
[2025-09-09 00:15:50] REPORT={"archived":[],"already":[57],"error":[]}
[2025-09-09 01:00:19] REQUEST_START method=POST
[2025-09-09 01:00:19] RAW_INPUT=ids%5B%5D=150
[2025-09-09 05:00:52] REQUEST_START method=POST
[2025-09-09 05:00:52] RAW_INPUT=ids%5B%5D=66
[2025-09-09 05:13:39] REQUEST_START method=POST
[2025-09-09 05:13:39] RAW_INPUT=ids%5B%5D=54
